{"/Users/nick/skan/ofx/src/globals.js": {"path":"/Users/nick/skan/ofx/src/globals.js","statementMap":{"0":{"start":{"line":3,"column":21},"end":{"line":3,"column":33}},"1":{"start":{"line":4,"column":28},"end":{"line":4,"column":47}},"2":{"start":{"line":5,"column":30},"end":{"line":5,"column":51}},"3":{"start":{"line":6,"column":24},"end":{"line":6,"column":39}},"4":{"start":{"line":7,"column":24},"end":{"line":7,"column":39}},"5":{"start":{"line":8,"column":23},"end":{"line":8,"column":37}},"6":{"start":{"line":9,"column":25},"end":{"line":9,"column":41}},"7":{"start":{"line":10,"column":19},"end":{"line":10,"column":29}},"8":{"start":{"line":11,"column":22},"end":{"line":11,"column":35}},"9":{"start":{"line":12,"column":12},"end":{"line":12,"column":18}}},"fnMap":{},"branchMap":{},"s":{"0":4,"1":4,"2":4,"3":4,"4":4,"5":4,"6":4,"7":4,"8":4,"9":4},"f":{},"b":{},"_coverageSchema":"1a1c01bbd47fc00a2c39e90264f33305004495a9","hash":"b62490a9a8b86de54d6cb27ebfb8bc14c88d1937"}
,"/Users/nick/skan/ofx/src/index.js": {"path":"/Users/nick/skan/ofx/src/index.js","statementMap":{"0":{"start":{"line":9,"column":0},"end":{"line":14,"column":2}}},"fnMap":{},"branchMap":{},"s":{"0":1},"f":{},"b":{},"_coverageSchema":"1a1c01bbd47fc00a2c39e90264f33305004495a9","hash":"9e32524808e4b565de037cd9709064565dfb9170"}
,"/Users/nick/skan/ofx/src/reducers.js": {"path":"/Users/nick/skan/ofx/src/reducers.js","statementMap":{},"fnMap":{},"branchMap":{},"s":{},"f":{},"b":{},"_coverageSchema":"1a1c01bbd47fc00a2c39e90264f33305004495a9","hash":"238e80f470e70ea925ea52203c7bb6a52df14275"}
,"/Users/nick/skan/ofx/src/api/exchange.js": {"path":"/Users/nick/skan/ofx/src/api/exchange.js","statementMap":{"0":{"start":{"line":3,"column":12},"end":{"line":3,"column":79}},"1":{"start":{"line":5,"column":25},"end":{"line":6,"column":46}},"2":{"start":{"line":6,"column":2},"end":{"line":6,"column":46}},"3":{"start":{"line":8,"column":24},"end":{"line":18,"column":1}},"4":{"start":{"line":9,"column":19},"end":{"line":9,"column":68}},"5":{"start":{"line":11,"column":15},"end":{"line":11,"column":36}},"6":{"start":{"line":12,"column":41},"end":{"line":12,"column":45}},"7":{"start":{"line":14,"column":2},"end":{"line":17,"column":4}}},"fnMap":{"0":{"name":"(anonymous_0)","decl":{"start":{"line":5,"column":25},"end":{"line":5,"column":26}},"loc":{"start":{"line":6,"column":2},"end":{"line":6,"column":46}},"line":6},"1":{"name":"(anonymous_1)","decl":{"start":{"line":8,"column":24},"end":{"line":8,"column":25}},"loc":{"start":{"line":8,"column":51},"end":{"line":18,"column":1}},"line":8}},"branchMap":{},"s":{"0":5,"1":5,"2":0,"3":5,"4":0,"5":0,"6":0,"7":0},"f":{"0":0,"1":0},"b":{},"_coverageSchema":"1a1c01bbd47fc00a2c39e90264f33305004495a9","hash":"f96008fb2a06316c5a5a1c03e665fe6eff75d97b"}
,"/Users/nick/skan/ofx/src/api/index.js": {"path":"/Users/nick/skan/ofx/src/api/index.js","statementMap":{"0":{"start":{"line":5,"column":4},"end":{"line":10,"column":6}}},"fnMap":{"0":{"name":"(anonymous_0)","decl":{"start":{"line":4,"column":7},"end":{"line":4,"column":8}},"loc":{"start":{"line":5,"column":4},"end":{"line":10,"column":6}},"line":5}},"branchMap":{},"s":{"0":0},"f":{"0":0},"b":{},"_coverageSchema":"1a1c01bbd47fc00a2c39e90264f33305004495a9","hash":"4590b24728b404b026aecbfa9874e9797d737a08"}
,"/Users/nick/skan/ofx/src/app/index.js": {"path":"/Users/nick/skan/ofx/src/app/index.js","statementMap":{"0":{"start":{"line":7,"column":12},"end":{"line":13,"column":1}},"1":{"start":{"line":8,"column":2},"end":{"line":12,"column":13}}},"fnMap":{"0":{"name":"(anonymous_0)","decl":{"start":{"line":7,"column":12},"end":{"line":7,"column":13}},"loc":{"start":{"line":8,"column":2},"end":{"line":12,"column":13}},"line":8}},"branchMap":{},"s":{"0":2,"1":1},"f":{"0":1},"b":{},"_coverageSchema":"1a1c01bbd47fc00a2c39e90264f33305004495a9","hash":"5deb9bdbfbb4b195b8614861bb83488fd512791a"}
,"/Users/nick/skan/ofx/src/auth/reducer.js": {"path":"/Users/nick/skan/ofx/src/auth/reducer.js","statementMap":{"0":{"start":{"line":3,"column":28},"end":{"line":6,"column":1}}},"fnMap":{},"branchMap":{},"s":{"0":20},"f":{},"b":{},"_coverageSchema":"1a1c01bbd47fc00a2c39e90264f33305004495a9","hash":"27a2739e122d0c665c9b6b3a781661c68ef09174"}
,"/Users/nick/skan/ofx/src/components/Bounce/index.js": {"path":"/Users/nick/skan/ofx/src/components/Bounce/index.js","statementMap":{"0":{"start":{"line":4,"column":15},"end":{"line":10,"column":1}},"1":{"start":{"line":5,"column":2},"end":{"line":9,"column":8}}},"fnMap":{"0":{"name":"(anonymous_0)","decl":{"start":{"line":4,"column":15},"end":{"line":4,"column":16}},"loc":{"start":{"line":5,"column":2},"end":{"line":9,"column":8}},"line":5}},"branchMap":{},"s":{"0":3,"1":1},"f":{"0":1},"b":{},"_coverageSchema":"1a1c01bbd47fc00a2c39e90264f33305004495a9","hash":"d925a2915d187883dafb72de3c0cf90250c375c7"}
,"/Users/nick/skan/ofx/src/components/CountUp/index.js": {"path":"/Users/nick/skan/ofx/src/components/CountUp/index.js","statementMap":{"0":{"start":{"line":6,"column":16},"end":{"line":23,"column":1}},"1":{"start":{"line":7,"column":2},"end":{"line":22,"column":12}},"2":{"start":{"line":17,"column":6},"end":{"line":20,"column":12}},"3":{"start":{"line":24,"column":0},"end":{"line":27,"column":2}}},"fnMap":{"0":{"name":"(anonymous_0)","decl":{"start":{"line":6,"column":16},"end":{"line":6,"column":17}},"loc":{"start":{"line":7,"column":2},"end":{"line":22,"column":12}},"line":7},"1":{"name":"(anonymous_1)","decl":{"start":{"line":16,"column":5},"end":{"line":16,"column":6}},"loc":{"start":{"line":17,"column":6},"end":{"line":20,"column":12}},"line":17}},"branchMap":{},"s":{"0":3,"1":1,"2":1,"3":3},"f":{"0":1,"1":1},"b":{},"_coverageSchema":"1a1c01bbd47fc00a2c39e90264f33305004495a9","hash":"4eed0125d615a276bfae265ef0f2179b090b3d4c"}
,"/Users/nick/skan/ofx/src/components/Input/index.js": {"path":"/Users/nick/skan/ofx/src/components/Input/index.js","statementMap":{"0":{"start":{"line":6,"column":14},"end":{"line":47,"column":1}},"1":{"start":{"line":8,"column":34},"end":{"line":8,"column":49}},"2":{"start":{"line":10,"column":4},"end":{"line":19,"column":11}},"3":{"start":{"line":11,"column":6},"end":{"line":18,"column":7}},"4":{"start":{"line":12,"column":23},"end":{"line":15,"column":10}},"5":{"start":{"line":17,"column":8},"end":{"line":17,"column":37}},"6":{"start":{"line":17,"column":20},"end":{"line":17,"column":36}},"7":{"start":{"line":21,"column":4},"end":{"line":45,"column":6}},"8":{"start":{"line":31,"column":35},"end":{"line":31,"column":57}},"9":{"start":{"line":32,"column":26},"end":{"line":32,"column":42}},"10":{"start":{"line":33,"column":25},"end":{"line":33,"column":42}},"11":{"start":{"line":48,"column":0},"end":{"line":54,"column":2}}},"fnMap":{"0":{"name":"(anonymous_0)","decl":{"start":{"line":7,"column":2},"end":{"line":7,"column":3}},"loc":{"start":{"line":7,"column":56},"end":{"line":46,"column":3}},"line":7},"1":{"name":"(anonymous_1)","decl":{"start":{"line":10,"column":14},"end":{"line":10,"column":15}},"loc":{"start":{"line":10,"column":19},"end":{"line":19,"column":5}},"line":10},"2":{"name":"(anonymous_2)","decl":{"start":{"line":17,"column":15},"end":{"line":17,"column":16}},"loc":{"start":{"line":17,"column":20},"end":{"line":17,"column":36}},"line":17},"3":{"name":"(anonymous_3)","decl":{"start":{"line":31,"column":22},"end":{"line":31,"column":23}},"loc":{"start":{"line":31,"column":35},"end":{"line":31,"column":57}},"line":31},"4":{"name":"(anonymous_4)","decl":{"start":{"line":32,"column":21},"end":{"line":32,"column":22}},"loc":{"start":{"line":32,"column":26},"end":{"line":32,"column":42}},"line":32},"5":{"name":"(anonymous_5)","decl":{"start":{"line":33,"column":20},"end":{"line":33,"column":21}},"loc":{"start":{"line":33,"column":25},"end":{"line":33,"column":42}},"line":33}},"branchMap":{"0":{"loc":{"start":{"line":11,"column":6},"end":{"line":18,"column":7}},"type":"if","locations":[{"start":{"line":11,"column":6},"end":{"line":18,"column":7}},{"start":{"line":11,"column":6},"end":{"line":18,"column":7}}],"line":11},"1":{"loc":{"start":{"line":23,"column":9},"end":{"line":23,"column":53}},"type":"binary-expr","locations":[{"start":{"line":23,"column":9},"end":{"line":23,"column":14}},{"start":{"line":23,"column":18},"end":{"line":23,"column":53}}],"line":23},"2":{"loc":{"start":{"line":30,"column":18},"end":{"line":30,"column":51}},"type":"cond-expr","locations":[{"start":{"line":30,"column":38},"end":{"line":30,"column":44}},{"start":{"line":30,"column":47},"end":{"line":30,"column":51}}],"line":30},"3":{"loc":{"start":{"line":35,"column":11},"end":{"line":35,"column":67}},"type":"binary-expr","locations":[{"start":{"line":35,"column":11},"end":{"line":35,"column":16}},{"start":{"line":35,"column":20},"end":{"line":35,"column":67}}],"line":35},"4":{"loc":{"start":{"line":38,"column":14},"end":{"line":40,"column":31}},"type":"cond-expr","locations":[{"start":{"line":39,"column":18},"end":{"line":39,"column":60}},{"start":{"line":40,"column":18},"end":{"line":40,"column":31}}],"line":38}},"s":{"0":4,"1":11,"2":11,"3":2,"4":0,"5":0,"6":0,"7":11,"8":0,"9":0,"10":0,"11":4},"f":{"0":11,"1":2,"2":0,"3":0,"4":0,"5":0},"b":{"0":[0,2],"1":[11,11],"2":[3,8],"3":[11,2],"4":[0,11]},"_coverageSchema":"1a1c01bbd47fc00a2c39e90264f33305004495a9","hash":"596372f87e554ae1b322ba7ea07537facc9888b2"}
,"/Users/nick/skan/ofx/src/components/Navbar/index.js": {"path":"/Users/nick/skan/ofx/src/components/Navbar/index.js","statementMap":{"0":{"start":{"line":8,"column":15},"end":{"line":61,"column":1}},"1":{"start":{"line":9,"column":26},"end":{"line":9,"column":41}},"2":{"start":{"line":11,"column":2},"end":{"line":60,"column":4}},"3":{"start":{"line":51,"column":30},"end":{"line":51,"column":44}}},"fnMap":{"0":{"name":"(anonymous_0)","decl":{"start":{"line":8,"column":15},"end":{"line":8,"column":16}},"loc":{"start":{"line":8,"column":20},"end":{"line":61,"column":1}},"line":8},"1":{"name":"(anonymous_1)","decl":{"start":{"line":51,"column":25},"end":{"line":51,"column":26}},"loc":{"start":{"line":51,"column":30},"end":{"line":51,"column":44}},"line":51}},"branchMap":{"0":{"loc":{"start":{"line":15,"column":10},"end":{"line":15,"column":75}},"type":"cond-expr","locations":[{"start":{"line":15,"column":17},"end":{"line":15,"column":58}},{"start":{"line":15,"column":61},"end":{"line":15,"column":75}}],"line":15},"1":{"loc":{"start":{"line":27,"column":10},"end":{"line":29,"column":30}},"type":"cond-expr","locations":[{"start":{"line":28,"column":14},"end":{"line":28,"column":59}},{"start":{"line":29,"column":14},"end":{"line":29,"column":30}}],"line":27},"2":{"loc":{"start":{"line":34,"column":23},"end":{"line":34,"column":54}},"type":"cond-expr","locations":[{"start":{"line":34,"column":30},"end":{"line":34,"column":42}},{"start":{"line":34,"column":45},"end":{"line":34,"column":54}}],"line":34},"3":{"loc":{"start":{"line":35,"column":17},"end":{"line":35,"column":40}},"type":"cond-expr","locations":[{"start":{"line":35,"column":24},"end":{"line":35,"column":33}},{"start":{"line":35,"column":36},"end":{"line":35,"column":40}}],"line":35},"4":{"loc":{"start":{"line":39,"column":24},"end":{"line":39,"column":77}},"type":"cond-expr","locations":[{"start":{"line":39,"column":31},"end":{"line":39,"column":64}},{"start":{"line":39,"column":67},"end":{"line":39,"column":77}}],"line":39},"5":{"loc":{"start":{"line":45,"column":18},"end":{"line":45,"column":80}},"type":"cond-expr","locations":[{"start":{"line":45,"column":25},"end":{"line":45,"column":64}},{"start":{"line":45,"column":67},"end":{"line":45,"column":80}}],"line":45},"6":{"loc":{"start":{"line":52,"column":30},"end":{"line":52,"column":59}},"type":"cond-expr","locations":[{"start":{"line":52,"column":37},"end":{"line":52,"column":47}},{"start":{"line":52,"column":50},"end":{"line":52,"column":59}}],"line":52},"7":{"loc":{"start":{"line":53,"column":30},"end":{"line":53,"column":59}},"type":"cond-expr","locations":[{"start":{"line":53,"column":37},"end":{"line":53,"column":47}},{"start":{"line":53,"column":50},"end":{"line":53,"column":59}}],"line":53},"8":{"loc":{"start":{"line":54,"column":30},"end":{"line":54,"column":61}},"type":"cond-expr","locations":[{"start":{"line":54,"column":37},"end":{"line":54,"column":49}},{"start":{"line":54,"column":52},"end":{"line":54,"column":61}}],"line":54}},"s":{"0":3,"1":2,"2":2,"3":0},"f":{"0":2,"1":0},"b":{"0":[0,2],"1":[0,2],"2":[0,2],"3":[0,2],"4":[0,2],"5":[0,2],"6":[0,2],"7":[0,2],"8":[0,2]},"_coverageSchema":"1a1c01bbd47fc00a2c39e90264f33305004495a9","hash":"f52c67b847c1a4b9452f5785b642d2886593554d"}
,"/Users/nick/skan/ofx/src/components/Phone/index.js": {"path":"/Users/nick/skan/ofx/src/components/Phone/index.js","statementMap":{"0":{"start":{"line":7,"column":14},"end":{"line":31,"column":1}},"1":{"start":{"line":8,"column":32},"end":{"line":8,"column":47}},"2":{"start":{"line":10,"column":2},"end":{"line":30,"column":4}},"3":{"start":{"line":17,"column":28},"end":{"line":17,"column":43}},"4":{"start":{"line":26,"column":22},"end":{"line":26,"column":38}},"5":{"start":{"line":27,"column":21},"end":{"line":27,"column":38}},"6":{"start":{"line":32,"column":0},"end":{"line":37,"column":2}}},"fnMap":{"0":{"name":"(anonymous_0)","decl":{"start":{"line":7,"column":14},"end":{"line":7,"column":15}},"loc":{"start":{"line":7,"column":47},"end":{"line":31,"column":1}},"line":7},"1":{"name":"(anonymous_1)","decl":{"start":{"line":17,"column":18},"end":{"line":17,"column":19}},"loc":{"start":{"line":17,"column":28},"end":{"line":17,"column":43}},"line":17},"2":{"name":"(anonymous_2)","decl":{"start":{"line":26,"column":17},"end":{"line":26,"column":18}},"loc":{"start":{"line":26,"column":22},"end":{"line":26,"column":38}},"line":26},"3":{"name":"(anonymous_3)","decl":{"start":{"line":27,"column":16},"end":{"line":27,"column":17}},"loc":{"start":{"line":27,"column":21},"end":{"line":27,"column":38}},"line":27}},"branchMap":{"0":{"loc":{"start":{"line":12,"column":7},"end":{"line":12,"column":51}},"type":"binary-expr","locations":[{"start":{"line":12,"column":7},"end":{"line":12,"column":12}},{"start":{"line":12,"column":16},"end":{"line":12,"column":51}}],"line":12},"1":{"loc":{"start":{"line":19,"column":10},"end":{"line":21,"column":30}},"type":"cond-expr","locations":[{"start":{"line":20,"column":14},"end":{"line":20,"column":62}},{"start":{"line":21,"column":14},"end":{"line":21,"column":30}}],"line":19}},"s":{"0":4,"1":3,"2":3,"3":0,"4":0,"5":0,"6":4},"f":{"0":3,"1":0,"2":0,"3":0},"b":{"0":[3,3],"1":[0,3]},"_coverageSchema":"1a1c01bbd47fc00a2c39e90264f33305004495a9","hash":"7b966d55ef2096ef1f291321f97d568344864845"}
,"/Users/nick/skan/ofx/src/components/Select/helpers.js": {"path":"/Users/nick/skan/ofx/src/components/Select/helpers.js","statementMap":{"0":{"start":{"line":3,"column":28},"end":{"line":17,"column":1}},"1":{"start":{"line":4,"column":2},"end":{"line":6,"column":3}},"2":{"start":{"line":5,"column":4},"end":{"line":5,"column":79}},"3":{"start":{"line":8,"column":2},"end":{"line":10,"column":3}},"4":{"start":{"line":9,"column":4},"end":{"line":9,"column":54}},"5":{"start":{"line":12,"column":2},"end":{"line":14,"column":3}},"6":{"start":{"line":13,"column":4},"end":{"line":13,"column":56}},"7":{"start":{"line":16,"column":2},"end":{"line":16,"column":24}}},"fnMap":{"0":{"name":"(anonymous_0)","decl":{"start":{"line":3,"column":28},"end":{"line":3,"column":29}},"loc":{"start":{"line":3,"column":47},"end":{"line":17,"column":1}},"line":3}},"branchMap":{"0":{"loc":{"start":{"line":4,"column":2},"end":{"line":6,"column":3}},"type":"if","locations":[{"start":{"line":4,"column":2},"end":{"line":6,"column":3}},{"start":{"line":4,"column":2},"end":{"line":6,"column":3}}],"line":4},"1":{"loc":{"start":{"line":4,"column":6},"end":{"line":4,"column":22}},"type":"binary-expr","locations":[{"start":{"line":4,"column":6},"end":{"line":4,"column":11}},{"start":{"line":4,"column":15},"end":{"line":4,"column":22}}],"line":4},"2":{"loc":{"start":{"line":8,"column":2},"end":{"line":10,"column":3}},"type":"if","locations":[{"start":{"line":8,"column":2},"end":{"line":10,"column":3}},{"start":{"line":8,"column":2},"end":{"line":10,"column":3}}],"line":8},"3":{"loc":{"start":{"line":12,"column":2},"end":{"line":14,"column":3}},"type":"if","locations":[{"start":{"line":12,"column":2},"end":{"line":14,"column":3}},{"start":{"line":12,"column":2},"end":{"line":14,"column":3}}],"line":12}},"s":{"0":4,"1":6,"2":0,"3":6,"4":1,"5":5,"6":0,"7":5},"f":{"0":6},"b":{"0":[0,6],"1":[6,1],"2":[1,5],"3":[0,5]},"_coverageSchema":"1a1c01bbd47fc00a2c39e90264f33305004495a9","hash":"021aa06a937be2bb7f9bb0168d441182fab3db00"}
,"/Users/nick/skan/ofx/src/components/Select/index.js": {"path":"/Users/nick/skan/ofx/src/components/Select/index.js","statementMap":{"0":{"start":{"line":7,"column":15},"end":{"line":75,"column":1}},"1":{"start":{"line":8,"column":32},"end":{"line":8,"column":47}},"2":{"start":{"line":10,"column":2},"end":{"line":74,"column":4}},"3":{"start":{"line":17,"column":27},"end":{"line":28,"column":11}},"4":{"start":{"line":29,"column":46},"end":{"line":39,"column":11}},"5":{"start":{"line":40,"column":40},"end":{"line":46,"column":11}},"6":{"start":{"line":47,"column":45},"end":{"line":50,"column":11}},"7":{"start":{"line":51,"column":46},"end":{"line":59,"column":11}},"8":{"start":{"line":60,"column":29},"end":{"line":62,"column":11}},"9":{"start":{"line":64,"column":22},"end":{"line":64,"column":38}},"10":{"start":{"line":65,"column":21},"end":{"line":65,"column":38}},"11":{"start":{"line":76,"column":0},"end":{"line":81,"column":2}}},"fnMap":{"0":{"name":"(anonymous_0)","decl":{"start":{"line":7,"column":15},"end":{"line":7,"column":16}},"loc":{"start":{"line":7,"column":67},"end":{"line":75,"column":1}},"line":7},"1":{"name":"(anonymous_1)","decl":{"start":{"line":17,"column":21},"end":{"line":17,"column":22}},"loc":{"start":{"line":17,"column":27},"end":{"line":28,"column":11}},"line":17},"2":{"name":"(anonymous_2)","decl":{"start":{"line":29,"column":19},"end":{"line":29,"column":20}},"loc":{"start":{"line":29,"column":46},"end":{"line":39,"column":11}},"line":29},"3":{"name":"(anonymous_3)","decl":{"start":{"line":40,"column":26},"end":{"line":40,"column":27}},"loc":{"start":{"line":40,"column":40},"end":{"line":46,"column":11}},"line":40},"4":{"name":"(anonymous_4)","decl":{"start":{"line":47,"column":31},"end":{"line":47,"column":32}},"loc":{"start":{"line":47,"column":45},"end":{"line":50,"column":11}},"line":47},"5":{"name":"(anonymous_5)","decl":{"start":{"line":51,"column":18},"end":{"line":51,"column":19}},"loc":{"start":{"line":51,"column":46},"end":{"line":59,"column":11}},"line":51},"6":{"name":"(anonymous_6)","decl":{"start":{"line":60,"column":23},"end":{"line":60,"column":24}},"loc":{"start":{"line":60,"column":29},"end":{"line":62,"column":11}},"line":60},"7":{"name":"(anonymous_7)","decl":{"start":{"line":64,"column":17},"end":{"line":64,"column":18}},"loc":{"start":{"line":64,"column":22},"end":{"line":64,"column":38}},"line":64},"8":{"name":"(anonymous_8)","decl":{"start":{"line":65,"column":16},"end":{"line":65,"column":17}},"loc":{"start":{"line":65,"column":21},"end":{"line":65,"column":38}},"line":65}},"branchMap":{"0":{"loc":{"start":{"line":32,"column":25},"end":{"line":32,"column":64}},"type":"cond-expr","locations":[{"start":{"line":32,"column":37},"end":{"line":32,"column":46}},{"start":{"line":32,"column":49},"end":{"line":32,"column":64}}],"line":32},"1":{"loc":{"start":{"line":36,"column":27},"end":{"line":36,"column":66}},"type":"cond-expr","locations":[{"start":{"line":36,"column":39},"end":{"line":36,"column":48}},{"start":{"line":36,"column":51},"end":{"line":36,"column":66}}],"line":36},"2":{"loc":{"start":{"line":53,"column":29},"end":{"line":53,"column":60}},"type":"cond-expr","locations":[{"start":{"line":53,"column":42},"end":{"line":53,"column":51}},{"start":{"line":53,"column":54},"end":{"line":53,"column":60}}],"line":53},"3":{"loc":{"start":{"line":67,"column":7},"end":{"line":67,"column":63}},"type":"binary-expr","locations":[{"start":{"line":67,"column":7},"end":{"line":67,"column":12}},{"start":{"line":67,"column":16},"end":{"line":67,"column":63}}],"line":67},"4":{"loc":{"start":{"line":70,"column":10},"end":{"line":70,"column":78}},"type":"cond-expr","locations":[{"start":{"line":70,"column":20},"end":{"line":70,"column":62}},{"start":{"line":70,"column":65},"end":{"line":70,"column":78}}],"line":70}},"s":{"0":4,"1":6,"2":6,"3":0,"4":0,"5":0,"6":0,"7":0,"8":0,"9":0,"10":0,"11":4},"f":{"0":6,"1":0,"2":0,"3":0,"4":0,"5":0,"6":0,"7":0,"8":0},"b":{"0":[0,0],"1":[0,0],"2":[0,0],"3":[6,1],"4":[0,6]},"_coverageSchema":"1a1c01bbd47fc00a2c39e90264f33305004495a9","hash":"8d57951c6c7e7033bfd2ac3d34c37553b7779d0a"}
,"/Users/nick/skan/ofx/src/components/Spinner/index.js": {"path":"/Users/nick/skan/ofx/src/components/Spinner/index.js","statementMap":{"0":{"start":{"line":4,"column":16},"end":{"line":4,"column":55}},"1":{"start":{"line":4,"column":21},"end":{"line":4,"column":55}}},"fnMap":{"0":{"name":"(anonymous_0)","decl":{"start":{"line":4,"column":16},"end":{"line":4,"column":17}},"loc":{"start":{"line":4,"column":21},"end":{"line":4,"column":55}},"line":4}},"branchMap":{},"s":{"0":5,"1":2},"f":{"0":2},"b":{},"_coverageSchema":"1a1c01bbd47fc00a2c39e90264f33305004495a9","hash":"3fc2673560316fadecbd501019041690cf580681"}
,"/Users/nick/skan/ofx/src/exchange/actions.js": {"path":"/Users/nick/skan/ofx/src/exchange/actions.js","statementMap":{"0":{"start":{"line":5,"column":21},"end":{"line":8,"column":2}},"1":{"start":{"line":5,"column":29},"end":{"line":8,"column":1}},"2":{"start":{"line":10,"column":23},"end":{"line":13,"column":2}},"3":{"start":{"line":10,"column":33},"end":{"line":13,"column":1}},"4":{"start":{"line":15,"column":25},"end":{"line":18,"column":2}},"5":{"start":{"line":15,"column":37},"end":{"line":18,"column":1}},"6":{"start":{"line":20,"column":27},"end":{"line":23,"column":2}},"7":{"start":{"line":20,"column":41},"end":{"line":23,"column":1}},"8":{"start":{"line":25,"column":23},"end":{"line":28,"column":2}},"9":{"start":{"line":25,"column":33},"end":{"line":28,"column":1}},"10":{"start":{"line":30,"column":27},"end":{"line":33,"column":2}},"11":{"start":{"line":30,"column":41},"end":{"line":33,"column":1}},"12":{"start":{"line":35,"column":29},"end":{"line":37,"column":2}},"13":{"start":{"line":35,"column":35},"end":{"line":37,"column":1}},"14":{"start":{"line":41,"column":26},"end":{"line":63,"column":1}},"15":{"start":{"line":45,"column":4},"end":{"line":63,"column":1}},"16":{"start":{"line":46,"column":2},"end":{"line":46,"column":31}},"17":{"start":{"line":47,"column":2},"end":{"line":47,"column":27}},"18":{"start":{"line":48,"column":2},"end":{"line":48,"column":30}},"19":{"start":{"line":50,"column":2},"end":{"line":50,"column":30}},"20":{"start":{"line":52,"column":2},"end":{"line":60,"column":3}},"21":{"start":{"line":53,"column":29},"end":{"line":53,"column":71}},"22":{"start":{"line":55,"column":4},"end":{"line":55,"column":28}},"23":{"start":{"line":56,"column":4},"end":{"line":56,"column":36}},"24":{"start":{"line":59,"column":4},"end":{"line":59,"column":33}},"25":{"start":{"line":62,"column":2},"end":{"line":62,"column":31}}},"fnMap":{"0":{"name":"(anonymous_0)","decl":{"start":{"line":5,"column":21},"end":{"line":5,"column":22}},"loc":{"start":{"line":5,"column":29},"end":{"line":8,"column":1}},"line":5},"1":{"name":"(anonymous_1)","decl":{"start":{"line":10,"column":23},"end":{"line":10,"column":24}},"loc":{"start":{"line":10,"column":33},"end":{"line":13,"column":1}},"line":10},"2":{"name":"(anonymous_2)","decl":{"start":{"line":15,"column":25},"end":{"line":15,"column":26}},"loc":{"start":{"line":15,"column":37},"end":{"line":18,"column":1}},"line":15},"3":{"name":"(anonymous_3)","decl":{"start":{"line":20,"column":27},"end":{"line":20,"column":28}},"loc":{"start":{"line":20,"column":41},"end":{"line":23,"column":1}},"line":20},"4":{"name":"(anonymous_4)","decl":{"start":{"line":25,"column":23},"end":{"line":25,"column":24}},"loc":{"start":{"line":25,"column":33},"end":{"line":28,"column":1}},"line":25},"5":{"name":"(anonymous_5)","decl":{"start":{"line":30,"column":27},"end":{"line":30,"column":28}},"loc":{"start":{"line":30,"column":41},"end":{"line":33,"column":1}},"line":30},"6":{"name":"(anonymous_6)","decl":{"start":{"line":35,"column":29},"end":{"line":35,"column":30}},"loc":{"start":{"line":35,"column":35},"end":{"line":37,"column":1}},"line":35},"7":{"name":"(anonymous_7)","decl":{"start":{"line":41,"column":26},"end":{"line":41,"column":27}},"loc":{"start":{"line":45,"column":4},"end":{"line":63,"column":1}},"line":45},"8":{"name":"(anonymous_8)","decl":{"start":{"line":45,"column":4},"end":{"line":45,"column":5}},"loc":{"start":{"line":45,"column":23},"end":{"line":63,"column":1}},"line":45}},"branchMap":{},"s":{"0":6,"1":5,"2":6,"3":5,"4":6,"5":5,"6":6,"7":4,"8":6,"9":4,"10":6,"11":10,"12":6,"13":1,"14":6,"15":2,"16":2,"17":2,"18":2,"19":2,"20":2,"21":2,"22":1,"23":1,"24":1,"25":2},"f":{"0":5,"1":5,"2":5,"3":4,"4":4,"5":10,"6":1,"7":2,"8":2},"b":{},"_coverageSchema":"1a1c01bbd47fc00a2c39e90264f33305004495a9","hash":"43427e96148572e070cfadb7386b015fc4bcd5b5"}
,"/Users/nick/skan/ofx/src/exchange/reducer.js": {"path":"/Users/nick/skan/ofx/src/exchange/reducer.js","statementMap":{"0":{"start":{"line":3,"column":28},"end":{"line":10,"column":1}},"1":{"start":{"line":13,"column":38},"end":{"line":16,"column":3}},"2":{"start":{"line":18,"column":42},"end":{"line":21,"column":3}},"3":{"start":{"line":23,"column":46},"end":{"line":26,"column":3}},"4":{"start":{"line":28,"column":50},"end":{"line":31,"column":3}},"5":{"start":{"line":33,"column":42},"end":{"line":36,"column":3}},"6":{"start":{"line":38,"column":26},"end":{"line":40,"column":3}},"7":{"start":{"line":42,"column":50},"end":{"line":45,"column":3}}},"fnMap":{"0":{"name":"(anonymous_0)","decl":{"start":{"line":13,"column":21},"end":{"line":13,"column":22}},"loc":{"start":{"line":13,"column":38},"end":{"line":16,"column":3}},"line":13},"1":{"name":"(anonymous_1)","decl":{"start":{"line":18,"column":23},"end":{"line":18,"column":24}},"loc":{"start":{"line":18,"column":42},"end":{"line":21,"column":3}},"line":18},"2":{"name":"(anonymous_2)","decl":{"start":{"line":23,"column":25},"end":{"line":23,"column":26}},"loc":{"start":{"line":23,"column":46},"end":{"line":26,"column":3}},"line":23},"3":{"name":"(anonymous_3)","decl":{"start":{"line":28,"column":27},"end":{"line":28,"column":28}},"loc":{"start":{"line":28,"column":50},"end":{"line":31,"column":3}},"line":28},"4":{"name":"(anonymous_4)","decl":{"start":{"line":33,"column":23},"end":{"line":33,"column":24}},"loc":{"start":{"line":33,"column":42},"end":{"line":36,"column":3}},"line":33},"5":{"name":"(anonymous_5)","decl":{"start":{"line":38,"column":20},"end":{"line":38,"column":21}},"loc":{"start":{"line":38,"column":26},"end":{"line":40,"column":3}},"line":38},"6":{"name":"(anonymous_6)","decl":{"start":{"line":42,"column":27},"end":{"line":42,"column":28}},"loc":{"start":{"line":42,"column":50},"end":{"line":45,"column":3}},"line":42}},"branchMap":{},"s":{"0":20,"1":3,"2":3,"3":3,"4":2,"5":2,"6":1,"7":6},"f":{"0":3,"1":3,"2":3,"3":2,"4":2,"5":1,"6":6},"b":{},"_coverageSchema":"1a1c01bbd47fc00a2c39e90264f33305004495a9","hash":"3decb092f5969d499ea66bc65fb7e3464f51f95c"}
,"/Users/nick/skan/ofx/src/history/index.js": {"path":"/Users/nick/skan/ofx/src/history/index.js","statementMap":{"0":{"start":{"line":3,"column":16},"end":{"line":3,"column":38}},"1":{"start":{"line":5,"column":20},"end":{"line":5,"column":47}},"2":{"start":{"line":5,"column":29},"end":{"line":5,"column":47}}},"fnMap":{"0":{"name":"(anonymous_0)","decl":{"start":{"line":5,"column":20},"end":{"line":5,"column":21}},"loc":{"start":{"line":5,"column":29},"end":{"line":5,"column":47}},"line":5}},"branchMap":{},"s":{"0":8,"1":8,"2":1},"f":{"0":1},"b":{},"_coverageSchema":"1a1c01bbd47fc00a2c39e90264f33305004495a9","hash":"3639db00e748dcd792099f1b69c844c87d296700"}
,"/Users/nick/skan/ofx/src/page/index.js": {"path":"/Users/nick/skan/ofx/src/page/index.js","statementMap":{"0":{"start":{"line":7,"column":13},"end":{"line":13,"column":1}},"1":{"start":{"line":8,"column":2},"end":{"line":12,"column":8}},"2":{"start":{"line":14,"column":0},"end":{"line":16,"column":2}}},"fnMap":{"0":{"name":"(anonymous_0)","decl":{"start":{"line":7,"column":13},"end":{"line":7,"column":14}},"loc":{"start":{"line":8,"column":2},"end":{"line":12,"column":8}},"line":8}},"branchMap":{},"s":{"0":2,"1":1,"2":2},"f":{"0":1},"b":{},"_coverageSchema":"1a1c01bbd47fc00a2c39e90264f33305004495a9","hash":"31cb1e3d51ed008c54ba79f9c236770b512b8a99"}
,"/Users/nick/skan/ofx/src/router/error.js": {"path":"/Users/nick/skan/ofx/src/router/error.js","statementMap":{"0":{"start":{"line":3,"column":18},"end":{"line":7,"column":1}},"1":{"start":{"line":4,"column":2},"end":{"line":6,"column":8}}},"fnMap":{"0":{"name":"(anonymous_0)","decl":{"start":{"line":3,"column":18},"end":{"line":3,"column":19}},"loc":{"start":{"line":4,"column":2},"end":{"line":6,"column":8}},"line":4}},"branchMap":{},"s":{"0":4,"1":2},"f":{"0":2},"b":{},"_coverageSchema":"1a1c01bbd47fc00a2c39e90264f33305004495a9","hash":"bd40ff3ab398a04d8c646e3ecdbab83e55e51ddb"}
,"/Users/nick/skan/ofx/src/router/index.js": {"path":"/Users/nick/skan/ofx/src/router/index.js","statementMap":{"0":{"start":{"line":8,"column":18},"end":{"line":31,"column":1}},"1":{"start":{"line":9,"column":2},"end":{"line":30,"column":11}},"2":{"start":{"line":12,"column":8},"end":{"line":26,"column":10}},"3":{"start":{"line":17,"column":12},"end":{"line":24,"column":14}},"4":{"start":{"line":32,"column":0},"end":{"line":34,"column":2}}},"fnMap":{"0":{"name":"(anonymous_0)","decl":{"start":{"line":8,"column":18},"end":{"line":8,"column":19}},"loc":{"start":{"line":9,"column":2},"end":{"line":30,"column":11}},"line":9},"1":{"name":"(anonymous_1)","decl":{"start":{"line":11,"column":18},"end":{"line":11,"column":19}},"loc":{"start":{"line":12,"column":8},"end":{"line":26,"column":10}},"line":12},"2":{"name":"(anonymous_2)","decl":{"start":{"line":16,"column":18},"end":{"line":16,"column":19}},"loc":{"start":{"line":17,"column":12},"end":{"line":24,"column":14}},"line":17}},"branchMap":{},"s":{"0":3,"1":5,"2":14,"3":5,"4":3},"f":{"0":5,"1":14,"2":5},"b":{},"_coverageSchema":"1a1c01bbd47fc00a2c39e90264f33305004495a9","hash":"72a97e5e1201fa0bf4b3253559d25767589f1a28"}
,"/Users/nick/skan/ofx/src/router/protected.js": {"path":"/Users/nick/skan/ofx/src/router/protected.js","statementMap":{"0":{"start":{"line":7,"column":18},"end":{"line":19,"column":1}},"1":{"start":{"line":8,"column":2},"end":{"line":18,"column":13}},"2":{"start":{"line":20,"column":0},"end":{"line":24,"column":2}},"3":{"start":{"line":26,"column":24},"end":{"line":28,"column":2}},"4":{"start":{"line":26,"column":36},"end":{"line":28,"column":1}}},"fnMap":{"0":{"name":"(anonymous_0)","decl":{"start":{"line":7,"column":18},"end":{"line":7,"column":19}},"loc":{"start":{"line":8,"column":2},"end":{"line":18,"column":13}},"line":8},"1":{"name":"(anonymous_1)","decl":{"start":{"line":26,"column":24},"end":{"line":26,"column":25}},"loc":{"start":{"line":26,"column":36},"end":{"line":28,"column":1}},"line":26}},"branchMap":{"0":{"loc":{"start":{"line":9,"column":5},"end":{"line":17,"column":5}},"type":"cond-expr","locations":[{"start":{"line":10,"column":6},"end":{"line":12,"column":17}},{"start":{"line":14,"column":6},"end":{"line":16,"column":8}}],"line":9}},"s":{"0":4,"1":5,"2":4,"3":4,"4":5},"f":{"0":5,"1":5},"b":{"0":[2,3]},"_coverageSchema":"1a1c01bbd47fc00a2c39e90264f33305004495a9","hash":"75c3a2e00fa21c6fe0184794706d7e73cfea32ba"}
,"/Users/nick/skan/ofx/src/router/render.js": {"path":"/Users/nick/skan/ofx/src/router/render.js","statementMap":{"0":{"start":{"line":7,"column":15},"end":{"line":26,"column":1}},"1":{"start":{"line":8,"column":2},"end":{"line":25,"column":13}},"2":{"start":{"line":27,"column":0},"end":{"line":33,"column":2}}},"fnMap":{"0":{"name":"(anonymous_0)","decl":{"start":{"line":7,"column":15},"end":{"line":7,"column":16}},"loc":{"start":{"line":8,"column":2},"end":{"line":25,"column":13}},"line":8}},"branchMap":{"0":{"loc":{"start":{"line":11,"column":7},"end":{"line":23,"column":7}},"type":"cond-expr","locations":[{"start":{"line":12,"column":8},"end":{"line":12,"column":69}},{"start":{"line":14,"column":8},"end":{"line":22,"column":14}}],"line":11}},"s":{"0":4,"1":9,"2":4},"f":{"0":9},"b":{"0":[5,4]},"_coverageSchema":"1a1c01bbd47fc00a2c39e90264f33305004495a9","hash":"ffaebd74768d4146802fb6484c5ea714e99df5a6"}
,"/Users/nick/skan/ofx/src/router/routes.js": {"path":"/Users/nick/skan/ofx/src/router/routes.js","statementMap":{"0":{"start":{"line":4,"column":22},"end":{"line":19,"column":1}}},"fnMap":{},"branchMap":{},"s":{"0":2},"f":{},"b":{},"_coverageSchema":"1a1c01bbd47fc00a2c39e90264f33305004495a9","hash":"bc9fa73a77266bad4d087b687940181df3286d6f"}
,"/Users/nick/skan/ofx/src/title/index.js": {"path":"/Users/nick/skan/ofx/src/title/index.js","statementMap":{"0":{"start":{"line":5,"column":14},"end":{"line":9,"column":1}},"1":{"start":{"line":6,"column":2},"end":{"line":8,"column":11}},"2":{"start":{"line":10,"column":0},"end":{"line":12,"column":2}}},"fnMap":{"0":{"name":"(anonymous_0)","decl":{"start":{"line":5,"column":14},"end":{"line":5,"column":15}},"loc":{"start":{"line":6,"column":2},"end":{"line":8,"column":11}},"line":6}},"branchMap":{"0":{"loc":{"start":{"line":7,"column":12},"end":{"line":7,"column":50}},"type":"cond-expr","locations":[{"start":{"line":7,"column":23},"end":{"line":7,"column":42}},{"start":{"line":7,"column":45},"end":{"line":7,"column":50}}],"line":7}},"s":{"0":5,"1":11,"2":5},"f":{"0":11},"b":{"0":[10,1]},"_coverageSchema":"1a1c01bbd47fc00a2c39e90264f33305004495a9","hash":"0a009714782c2cf4f25c1894aa64dcf88f781695"}
,"/Users/nick/skan/ofx/src/user/actions.js": {"path":"/Users/nick/skan/ofx/src/user/actions.js","statementMap":{"0":{"start":{"line":3,"column":24},"end":{"line":6,"column":2}},"1":{"start":{"line":3,"column":35},"end":{"line":6,"column":1}},"2":{"start":{"line":8,"column":23},"end":{"line":11,"column":2}},"3":{"start":{"line":8,"column":33},"end":{"line":11,"column":1}},"4":{"start":{"line":13,"column":24},"end":{"line":16,"column":2}},"5":{"start":{"line":13,"column":35},"end":{"line":16,"column":1}},"6":{"start":{"line":18,"column":24},"end":{"line":21,"column":2}},"7":{"start":{"line":18,"column":35},"end":{"line":21,"column":1}}},"fnMap":{"0":{"name":"(anonymous_0)","decl":{"start":{"line":3,"column":24},"end":{"line":3,"column":25}},"loc":{"start":{"line":3,"column":35},"end":{"line":6,"column":1}},"line":3},"1":{"name":"(anonymous_1)","decl":{"start":{"line":8,"column":23},"end":{"line":8,"column":24}},"loc":{"start":{"line":8,"column":33},"end":{"line":11,"column":1}},"line":8},"2":{"name":"(anonymous_2)","decl":{"start":{"line":13,"column":24},"end":{"line":13,"column":25}},"loc":{"start":{"line":13,"column":35},"end":{"line":16,"column":1}},"line":13},"3":{"name":"(anonymous_3)","decl":{"start":{"line":18,"column":24},"end":{"line":18,"column":25}},"loc":{"start":{"line":18,"column":35},"end":{"line":21,"column":1}},"line":18}},"branchMap":{},"s":{"0":3,"1":0,"2":3,"3":0,"4":3,"5":0,"6":3,"7":0},"f":{"0":0,"1":0,"2":0,"3":0},"b":{},"_coverageSchema":"1a1c01bbd47fc00a2c39e90264f33305004495a9","hash":"6a3f9c086c33e3a712dc64fc3ee20848388926fc"}
,"/Users/nick/skan/ofx/src/user/reducer.js": {"path":"/Users/nick/skan/ofx/src/user/reducer.js","statementMap":{"0":{"start":{"line":3,"column":28},"end":{"line":8,"column":1}},"1":{"start":{"line":11,"column":40},"end":{"line":14,"column":3}},"2":{"start":{"line":16,"column":38},"end":{"line":19,"column":3}},"3":{"start":{"line":21,"column":40},"end":{"line":24,"column":3}},"4":{"start":{"line":26,"column":40},"end":{"line":29,"column":3}}},"fnMap":{"0":{"name":"(anonymous_0)","decl":{"start":{"line":11,"column":20},"end":{"line":11,"column":21}},"loc":{"start":{"line":11,"column":40},"end":{"line":14,"column":3}},"line":11},"1":{"name":"(anonymous_1)","decl":{"start":{"line":16,"column":19},"end":{"line":16,"column":20}},"loc":{"start":{"line":16,"column":38},"end":{"line":19,"column":3}},"line":16},"2":{"name":"(anonymous_2)","decl":{"start":{"line":21,"column":20},"end":{"line":21,"column":21}},"loc":{"start":{"line":21,"column":40},"end":{"line":24,"column":3}},"line":21},"3":{"name":"(anonymous_3)","decl":{"start":{"line":26,"column":20},"end":{"line":26,"column":21}},"loc":{"start":{"line":26,"column":40},"end":{"line":29,"column":3}},"line":26}},"branchMap":{},"s":{"0":20,"1":0,"2":0,"3":0,"4":0},"f":{"0":0,"1":0,"2":0,"3":0},"b":{},"_coverageSchema":"1a1c01bbd47fc00a2c39e90264f33305004495a9","hash":"a2713ee525ab4560c3c99544f54a8df376b37241"}
,"/Users/nick/skan/ofx/src/utils/reducer.js": {"path":"/Users/nick/skan/ofx/src/utils/reducer.js","statementMap":{"0":{"start":{"line":1,"column":48},"end":{"line":12,"column":1}},"1":{"start":{"line":5,"column":18},"end":{"line":5,"column":45}},"2":{"start":{"line":7,"column":2},"end":{"line":9,"column":3}},"3":{"start":{"line":8,"column":4},"end":{"line":8,"column":34}},"4":{"start":{"line":11,"column":2},"end":{"line":11,"column":15}}},"fnMap":{"0":{"name":"(anonymous_0)","decl":{"start":{"line":1,"column":15},"end":{"line":1,"column":16}},"loc":{"start":{"line":1,"column":48},"end":{"line":12,"column":1}},"line":1},"1":{"name":"(anonymous_1)","decl":{"start":{"line":1,"column":48},"end":{"line":1,"column":49}},"loc":{"start":{"line":4,"column":4},"end":{"line":12,"column":1}},"line":4}},"branchMap":{"0":{"loc":{"start":{"line":2,"column":4},"end":{"line":2,"column":24}},"type":"default-arg","locations":[{"start":{"line":2,"column":12},"end":{"line":2,"column":24}}],"line":2},"1":{"loc":{"start":{"line":7,"column":2},"end":{"line":9,"column":3}},"type":"if","locations":[{"start":{"line":7,"column":2},"end":{"line":9,"column":3}},{"start":{"line":7,"column":2},"end":{"line":9,"column":3}}],"line":7}},"s":{"0":61,"1":250,"2":250,"3":21,"4":229},"f":{"0":61,"1":250},"b":{"0":[182],"1":[21,229]},"_coverageSchema":"1a1c01bbd47fc00a2c39e90264f33305004495a9","hash":"a129706f9caa2f41484d3149fb5688171bc2635e"}
,"/Users/nick/skan/ofx/src/views/Home/index.js": {"path":"/Users/nick/skan/ofx/src/views/Home/index.js","statementMap":{"0":{"start":{"line":4,"column":13},"end":{"line":4,"column":27}},"1":{"start":{"line":4,"column":18},"end":{"line":4,"column":27}}},"fnMap":{"0":{"name":"(anonymous_0)","decl":{"start":{"line":4,"column":13},"end":{"line":4,"column":14}},"loc":{"start":{"line":4,"column":18},"end":{"line":4,"column":27}},"line":4}},"branchMap":{},"s":{"0":2,"1":1},"f":{"0":1},"b":{},"_coverageSchema":"1a1c01bbd47fc00a2c39e90264f33305004495a9","hash":"38038fc2606a310f6446b303ba9df7daa74a9429"}
,"/Users/nick/skan/ofx/src/views/Quote/index.js": {"path":"/Users/nick/skan/ofx/src/views/Quote/index.js","statementMap":{"0":{"start":{"line":4,"column":14},"end":{"line":4,"column":29}},"1":{"start":{"line":4,"column":19},"end":{"line":4,"column":29}}},"fnMap":{"0":{"name":"(anonymous_0)","decl":{"start":{"line":4,"column":14},"end":{"line":4,"column":15}},"loc":{"start":{"line":4,"column":19},"end":{"line":4,"column":29}},"line":4}},"branchMap":{},"s":{"0":1,"1":1},"f":{"0":1},"b":{},"_coverageSchema":"1a1c01bbd47fc00a2c39e90264f33305004495a9","hash":"3ee1653e2716391f7f9beaaeb8923d5263c942b7"}
,"/Users/nick/skan/ofx/src/widgets/Quote/index.js": {"path":"/Users/nick/skan/ofx/src/widgets/Quote/index.js","statementMap":{"0":{"start":{"line":14,"column":16},"end":{"line":18,"column":1}},"1":{"start":{"line":20,"column":14},"end":{"line":158,"column":1}},"2":{"start":{"line":31,"column":62},"end":{"line":31,"column":71}},"3":{"start":{"line":33,"column":2},"end":{"line":157,"column":4}},"4":{"start":{"line":48,"column":36},"end":{"line":48,"column":60}},"5":{"start":{"line":60,"column":36},"end":{"line":60,"column":59}},"6":{"start":{"line":79,"column":36},"end":{"line":79,"column":56}},"7":{"start":{"line":92,"column":18},"end":{"line":92,"column":43}},"8":{"start":{"line":93,"column":18},"end":{"line":93,"column":39}},"9":{"start":{"line":159,"column":0},"end":{"line":169,"column":2}},"10":{"start":{"line":171,"column":24},"end":{"line":176,"column":2}},"11":{"start":{"line":171,"column":36},"end":{"line":176,"column":1}},"12":{"start":{"line":178,"column":27},"end":{"line":199,"column":2}},"13":{"start":{"line":178,"column":41},"end":{"line":199,"column":1}},"14":{"start":{"line":180,"column":4},"end":{"line":180,"column":43}},"15":{"start":{"line":181,"column":4},"end":{"line":181,"column":20}},"16":{"start":{"line":185,"column":4},"end":{"line":185,"column":30}},"17":{"start":{"line":189,"column":4},"end":{"line":189,"column":29}},"18":{"start":{"line":193,"column":4},"end":{"line":193,"column":30}},"19":{"start":{"line":197,"column":4},"end":{"line":197,"column":30}}},"fnMap":{"0":{"name":"(anonymous_0)","decl":{"start":{"line":20,"column":14},"end":{"line":20,"column":15}},"loc":{"start":{"line":30,"column":5},"end":{"line":158,"column":1}},"line":30},"1":{"name":"(anonymous_1)","decl":{"start":{"line":48,"column":26},"end":{"line":48,"column":27}},"loc":{"start":{"line":48,"column":36},"end":{"line":48,"column":60}},"line":48},"2":{"name":"(anonymous_2)","decl":{"start":{"line":60,"column":26},"end":{"line":60,"column":27}},"loc":{"start":{"line":60,"column":36},"end":{"line":60,"column":59}},"line":60},"3":{"name":"(anonymous_3)","decl":{"start":{"line":79,"column":26},"end":{"line":79,"column":27}},"loc":{"start":{"line":79,"column":36},"end":{"line":79,"column":56}},"line":79},"4":{"name":"(anonymous_4)","decl":{"start":{"line":91,"column":26},"end":{"line":91,"column":27}},"loc":{"start":{"line":91,"column":36},"end":{"line":94,"column":17}},"line":91},"5":{"name":"(anonymous_5)","decl":{"start":{"line":171,"column":24},"end":{"line":171,"column":25}},"loc":{"start":{"line":171,"column":36},"end":{"line":176,"column":1}},"line":171},"6":{"name":"(anonymous_6)","decl":{"start":{"line":178,"column":27},"end":{"line":178,"column":28}},"loc":{"start":{"line":178,"column":41},"end":{"line":199,"column":1}},"line":178},"7":{"name":"(anonymous_7)","decl":{"start":{"line":179,"column":12},"end":{"line":179,"column":13}},"loc":{"start":{"line":179,"column":35},"end":{"line":182,"column":3}},"line":179},"8":{"name":"(anonymous_8)","decl":{"start":{"line":184,"column":21},"end":{"line":184,"column":22}},"loc":{"start":{"line":184,"column":31},"end":{"line":186,"column":3}},"line":184},"9":{"name":"(anonymous_9)","decl":{"start":{"line":188,"column":20},"end":{"line":188,"column":21}},"loc":{"start":{"line":188,"column":30},"end":{"line":190,"column":3}},"line":188},"10":{"name":"(anonymous_10)","decl":{"start":{"line":192,"column":17},"end":{"line":192,"column":18}},"loc":{"start":{"line":192,"column":27},"end":{"line":194,"column":3}},"line":192},"11":{"name":"(anonymous_11)","decl":{"start":{"line":196,"column":17},"end":{"line":196,"column":18}},"loc":{"start":{"line":196,"column":27},"end":{"line":198,"column":3}},"line":196}},"branchMap":{"0":{"loc":{"start":{"line":45,"column":23},"end":{"line":45,"column":34}},"type":"binary-expr","locations":[{"start":{"line":45,"column":23},"end":{"line":45,"column":28}},{"start":{"line":45,"column":32},"end":{"line":45,"column":34}}],"line":45},"1":{"loc":{"start":{"line":57,"column":23},"end":{"line":57,"column":33}},"type":"binary-expr","locations":[{"start":{"line":57,"column":23},"end":{"line":57,"column":27}},{"start":{"line":57,"column":31},"end":{"line":57,"column":33}}],"line":57},"2":{"loc":{"start":{"line":71,"column":23},"end":{"line":71,"column":34}},"type":"binary-expr","locations":[{"start":{"line":71,"column":23},"end":{"line":71,"column":28}},{"start":{"line":71,"column":32},"end":{"line":71,"column":34}}],"line":71},"3":{"loc":{"start":{"line":88,"column":23},"end":{"line":88,"column":34}},"type":"binary-expr","locations":[{"start":{"line":88,"column":23},"end":{"line":88,"column":28}},{"start":{"line":88,"column":32},"end":{"line":88,"column":34}}],"line":88}},"s":{"0":3,"1":3,"2":2,"3":2,"4":0,"5":0,"6":0,"7":0,"8":0,"9":3,"10":3,"11":2,"12":3,"13":2,"14":0,"15":0,"16":0,"17":0,"18":0,"19":0},"f":{"0":2,"1":0,"2":0,"3":0,"4":0,"5":2,"6":2,"7":0,"8":0,"9":0,"10":0,"11":0},"b":{"0":[2,2],"1":[2,2],"2":[2,2],"3":[2,2]},"_coverageSchema":"1a1c01bbd47fc00a2c39e90264f33305004495a9","hash":"7343b2b3fb600396ade510dfc40d15d4318a5275"}
,"/Users/nick/skan/ofx/src/widgets/Result/index.js": {"path":"/Users/nick/skan/ofx/src/widgets/Result/index.js","statementMap":{"0":{"start":{"line":11,"column":16},"end":{"line":11,"column":20}},"1":{"start":{"line":13,"column":15},"end":{"line":53,"column":1}},"2":{"start":{"line":14,"column":28},"end":{"line":14,"column":43}},"3":{"start":{"line":16,"column":2},"end":{"line":22,"column":27}},"4":{"start":{"line":17,"column":4},"end":{"line":21,"column":5}},"5":{"start":{"line":18,"column":6},"end":{"line":20,"column":18}},"6":{"start":{"line":19,"column":8},"end":{"line":19,"column":23}},"7":{"start":{"line":24,"column":2},"end":{"line":52,"column":4}},"8":{"start":{"line":45,"column":60},"end":{"line":45,"column":72}},"9":{"start":{"line":54,"column":0},"end":{"line":62,"column":2}},"10":{"start":{"line":64,"column":24},"end":{"line":71,"column":2}},"11":{"start":{"line":64,"column":40},"end":{"line":71,"column":1}},"12":{"start":{"line":73,"column":27},"end":{"line":78,"column":2}},"13":{"start":{"line":73,"column":41},"end":{"line":78,"column":1}},"14":{"start":{"line":75,"column":4},"end":{"line":75,"column":14}},"15":{"start":{"line":76,"column":4},"end":{"line":76,"column":30}}},"fnMap":{"0":{"name":"(anonymous_0)","decl":{"start":{"line":13,"column":15},"end":{"line":13,"column":16}},"loc":{"start":{"line":13,"column":76},"end":{"line":53,"column":1}},"line":13},"1":{"name":"(anonymous_1)","decl":{"start":{"line":16,"column":12},"end":{"line":16,"column":13}},"loc":{"start":{"line":16,"column":17},"end":{"line":22,"column":3}},"line":16},"2":{"name":"(anonymous_2)","decl":{"start":{"line":18,"column":17},"end":{"line":18,"column":18}},"loc":{"start":{"line":18,"column":22},"end":{"line":20,"column":7}},"line":18},"3":{"name":"(anonymous_3)","decl":{"start":{"line":45,"column":55},"end":{"line":45,"column":56}},"loc":{"start":{"line":45,"column":60},"end":{"line":45,"column":72}},"line":45},"4":{"name":"(anonymous_4)","decl":{"start":{"line":64,"column":24},"end":{"line":64,"column":25}},"loc":{"start":{"line":64,"column":40},"end":{"line":71,"column":1}},"line":64},"5":{"name":"(anonymous_5)","decl":{"start":{"line":73,"column":27},"end":{"line":73,"column":28}},"loc":{"start":{"line":73,"column":41},"end":{"line":78,"column":1}},"line":73},"6":{"name":"(anonymous_6)","decl":{"start":{"line":74,"column":14},"end":{"line":74,"column":15}},"loc":{"start":{"line":74,"column":19},"end":{"line":77,"column":3}},"line":74}},"branchMap":{"0":{"loc":{"start":{"line":17,"column":4},"end":{"line":21,"column":5}},"type":"if","locations":[{"start":{"line":17,"column":4},"end":{"line":21,"column":5}},{"start":{"line":17,"column":4},"end":{"line":21,"column":5}}],"line":17},"1":{"loc":{"start":{"line":17,"column":8},"end":{"line":17,"column":29}},"type":"binary-expr","locations":[{"start":{"line":17,"column":8},"end":{"line":17,"column":17}},{"start":{"line":17,"column":21},"end":{"line":17,"column":29}}],"line":17},"2":{"loc":{"start":{"line":28,"column":9},"end":{"line":33,"column":9}},"type":"binary-expr","locations":[{"start":{"line":28,"column":9},"end":{"line":28,"column":17}},{"start":{"line":29,"column":10},"end":{"line":32,"column":16}}],"line":28},"3":{"loc":{"start":{"line":34,"column":9},"end":{"line":36,"column":9}},"type":"binary-expr","locations":[{"start":{"line":34,"column":9},"end":{"line":34,"column":18}},{"start":{"line":34,"column":22},"end":{"line":34,"column":26}},{"start":{"line":35,"column":10},"end":{"line":35,"column":62}}],"line":34},"4":{"loc":{"start":{"line":37,"column":9},"end":{"line":49,"column":9}},"type":"binary-expr","locations":[{"start":{"line":37,"column":9},"end":{"line":37,"column":14}},{"start":{"line":38,"column":10},"end":{"line":48,"column":16}}],"line":37}},"s":{"0":2,"1":2,"2":2,"3":2,"4":0,"5":0,"6":0,"7":2,"8":0,"9":2,"10":2,"11":2,"12":2,"13":2,"14":0,"15":0},"f":{"0":2,"1":0,"2":0,"3":0,"4":2,"5":2,"6":0},"b":{"0":[0,0],"1":[0,0],"2":[2,0],"3":[2,2,0],"4":[2,0]},"_coverageSchema":"1a1c01bbd47fc00a2c39e90264f33305004495a9","hash":"67ea67ca93ae0132e61205181c59d41b8b442e9d"}
}
