{"/Users/nick/skan/ofx/src/globals.js": {"path":"/Users/nick/skan/ofx/src/globals.js","statementMap":{"0":{"start":{"line":3,"column":21},"end":{"line":3,"column":33}},"1":{"start":{"line":4,"column":28},"end":{"line":4,"column":47}},"2":{"start":{"line":5,"column":30},"end":{"line":5,"column":51}},"3":{"start":{"line":6,"column":24},"end":{"line":6,"column":39}},"4":{"start":{"line":7,"column":24},"end":{"line":7,"column":39}},"5":{"start":{"line":8,"column":23},"end":{"line":8,"column":37}},"6":{"start":{"line":9,"column":25},"end":{"line":9,"column":41}},"7":{"start":{"line":10,"column":19},"end":{"line":10,"column":29}},"8":{"start":{"line":11,"column":22},"end":{"line":11,"column":35}},"9":{"start":{"line":12,"column":12},"end":{"line":12,"column":18}}},"fnMap":{},"branchMap":{},"s":{"0":4,"1":4,"2":4,"3":4,"4":4,"5":4,"6":4,"7":4,"8":4,"9":4},"f":{},"b":{},"_coverageSchema":"1a1c01bbd47fc00a2c39e90264f33305004495a9","hash":"b62490a9a8b86de54d6cb27ebfb8bc14c88d1937"}
,"/Users/nick/skan/ofx/src/index.js": {"path":"/Users/nick/skan/ofx/src/index.js","statementMap":{"0":{"start":{"line":9,"column":0},"end":{"line":14,"column":2}}},"fnMap":{},"branchMap":{},"s":{"0":1},"f":{},"b":{},"_coverageSchema":"1a1c01bbd47fc00a2c39e90264f33305004495a9","hash":"9e32524808e4b565de037cd9709064565dfb9170"}
,"/Users/nick/skan/ofx/src/reducers.js": {"path":"/Users/nick/skan/ofx/src/reducers.js","statementMap":{},"fnMap":{},"branchMap":{},"s":{},"f":{},"b":{},"_coverageSchema":"1a1c01bbd47fc00a2c39e90264f33305004495a9","hash":"238e80f470e70ea925ea52203c7bb6a52df14275"}
,"/Users/nick/skan/ofx/src/app/index.js": {"path":"/Users/nick/skan/ofx/src/app/index.js","statementMap":{"0":{"start":{"line":6,"column":12},"end":{"line":10,"column":1}},"1":{"start":{"line":7,"column":2},"end":{"line":9,"column":13}}},"fnMap":{"0":{"name":"(anonymous_0)","decl":{"start":{"line":6,"column":12},"end":{"line":6,"column":13}},"loc":{"start":{"line":7,"column":2},"end":{"line":9,"column":13}},"line":7}},"branchMap":{},"s":{"0":2,"1":1},"f":{"0":1},"b":{},"_coverageSchema":"1a1c01bbd47fc00a2c39e90264f33305004495a9","hash":"5fdbb346d98f569aa5e645319c5a1a9d6dea90e5"}
,"/Users/nick/skan/ofx/src/auth/reducer.js": {"path":"/Users/nick/skan/ofx/src/auth/reducer.js","statementMap":{"0":{"start":{"line":3,"column":28},"end":{"line":6,"column":1}}},"fnMap":{},"branchMap":{},"s":{"0":11},"f":{},"b":{},"_coverageSchema":"1a1c01bbd47fc00a2c39e90264f33305004495a9","hash":"27a2739e122d0c665c9b6b3a781661c68ef09174"}
,"/Users/nick/skan/ofx/src/components/Spinner/index.js": {"path":"/Users/nick/skan/ofx/src/components/Spinner/index.js","statementMap":{"0":{"start":{"line":4,"column":16},"end":{"line":4,"column":55}},"1":{"start":{"line":4,"column":21},"end":{"line":4,"column":55}}},"fnMap":{"0":{"name":"(anonymous_0)","decl":{"start":{"line":4,"column":16},"end":{"line":4,"column":17}},"loc":{"start":{"line":4,"column":21},"end":{"line":4,"column":55}},"line":4}},"branchMap":{},"s":{"0":5,"1":2},"f":{"0":2},"b":{},"_coverageSchema":"1a1c01bbd47fc00a2c39e90264f33305004495a9","hash":"3fc2673560316fadecbd501019041690cf580681"}
,"/Users/nick/skan/ofx/src/exchange/reducer.js": {"path":"/Users/nick/skan/ofx/src/exchange/reducer.js","statementMap":{"0":{"start":{"line":3,"column":28},"end":{"line":7,"column":1}}},"fnMap":{},"branchMap":{},"s":{"0":11},"f":{},"b":{},"_coverageSchema":"1a1c01bbd47fc00a2c39e90264f33305004495a9","hash":"d105c1e686d232a37495286e77c335293d403aeb"}
,"/Users/nick/skan/ofx/src/history/index.js": {"path":"/Users/nick/skan/ofx/src/history/index.js","statementMap":{"0":{"start":{"line":3,"column":16},"end":{"line":3,"column":38}},"1":{"start":{"line":5,"column":20},"end":{"line":5,"column":47}},"2":{"start":{"line":5,"column":29},"end":{"line":5,"column":47}}},"fnMap":{"0":{"name":"(anonymous_0)","decl":{"start":{"line":5,"column":20},"end":{"line":5,"column":21}},"loc":{"start":{"line":5,"column":29},"end":{"line":5,"column":47}},"line":5}},"branchMap":{},"s":{"0":4,"1":4,"2":1},"f":{"0":1},"b":{},"_coverageSchema":"1a1c01bbd47fc00a2c39e90264f33305004495a9","hash":"3639db00e748dcd792099f1b69c844c87d296700"}
,"/Users/nick/skan/ofx/src/router/error.js": {"path":"/Users/nick/skan/ofx/src/router/error.js","statementMap":{"0":{"start":{"line":3,"column":18},"end":{"line":7,"column":1}},"1":{"start":{"line":4,"column":2},"end":{"line":6,"column":8}}},"fnMap":{"0":{"name":"(anonymous_0)","decl":{"start":{"line":3,"column":18},"end":{"line":3,"column":19}},"loc":{"start":{"line":4,"column":2},"end":{"line":6,"column":8}},"line":4}},"branchMap":{},"s":{"0":4,"1":2},"f":{"0":2},"b":{},"_coverageSchema":"1a1c01bbd47fc00a2c39e90264f33305004495a9","hash":"bd40ff3ab398a04d8c646e3ecdbab83e55e51ddb"}
,"/Users/nick/skan/ofx/src/router/index.js": {"path":"/Users/nick/skan/ofx/src/router/index.js","statementMap":{"0":{"start":{"line":8,"column":18},"end":{"line":31,"column":1}},"1":{"start":{"line":9,"column":2},"end":{"line":30,"column":11}},"2":{"start":{"line":12,"column":8},"end":{"line":26,"column":10}},"3":{"start":{"line":17,"column":12},"end":{"line":24,"column":14}},"4":{"start":{"line":32,"column":0},"end":{"line":34,"column":2}}},"fnMap":{"0":{"name":"(anonymous_0)","decl":{"start":{"line":8,"column":18},"end":{"line":8,"column":19}},"loc":{"start":{"line":9,"column":2},"end":{"line":30,"column":11}},"line":9},"1":{"name":"(anonymous_1)","decl":{"start":{"line":11,"column":18},"end":{"line":11,"column":19}},"loc":{"start":{"line":12,"column":8},"end":{"line":26,"column":10}},"line":12},"2":{"name":"(anonymous_2)","decl":{"start":{"line":16,"column":18},"end":{"line":16,"column":19}},"loc":{"start":{"line":17,"column":12},"end":{"line":24,"column":14}},"line":17}},"branchMap":{},"s":{"0":3,"1":5,"2":14,"3":5,"4":3},"f":{"0":5,"1":14,"2":5},"b":{},"_coverageSchema":"1a1c01bbd47fc00a2c39e90264f33305004495a9","hash":"72a97e5e1201fa0bf4b3253559d25767589f1a28"}
,"/Users/nick/skan/ofx/src/router/protected.js": {"path":"/Users/nick/skan/ofx/src/router/protected.js","statementMap":{"0":{"start":{"line":7,"column":18},"end":{"line":19,"column":1}},"1":{"start":{"line":8,"column":2},"end":{"line":18,"column":13}},"2":{"start":{"line":20,"column":0},"end":{"line":24,"column":2}},"3":{"start":{"line":26,"column":24},"end":{"line":28,"column":2}},"4":{"start":{"line":26,"column":36},"end":{"line":28,"column":1}}},"fnMap":{"0":{"name":"(anonymous_0)","decl":{"start":{"line":7,"column":18},"end":{"line":7,"column":19}},"loc":{"start":{"line":8,"column":2},"end":{"line":18,"column":13}},"line":8},"1":{"name":"(anonymous_1)","decl":{"start":{"line":26,"column":24},"end":{"line":26,"column":25}},"loc":{"start":{"line":26,"column":36},"end":{"line":28,"column":1}},"line":26}},"branchMap":{"0":{"loc":{"start":{"line":9,"column":5},"end":{"line":17,"column":5}},"type":"cond-expr","locations":[{"start":{"line":10,"column":6},"end":{"line":12,"column":17}},{"start":{"line":14,"column":6},"end":{"line":16,"column":8}}],"line":9}},"s":{"0":4,"1":5,"2":4,"3":4,"4":5},"f":{"0":5,"1":5},"b":{"0":[2,3]},"_coverageSchema":"1a1c01bbd47fc00a2c39e90264f33305004495a9","hash":"75c3a2e00fa21c6fe0184794706d7e73cfea32ba"}
,"/Users/nick/skan/ofx/src/router/render.js": {"path":"/Users/nick/skan/ofx/src/router/render.js","statementMap":{"0":{"start":{"line":7,"column":15},"end":{"line":26,"column":1}},"1":{"start":{"line":8,"column":2},"end":{"line":25,"column":13}},"2":{"start":{"line":27,"column":0},"end":{"line":33,"column":2}}},"fnMap":{"0":{"name":"(anonymous_0)","decl":{"start":{"line":7,"column":15},"end":{"line":7,"column":16}},"loc":{"start":{"line":8,"column":2},"end":{"line":25,"column":13}},"line":8}},"branchMap":{"0":{"loc":{"start":{"line":11,"column":7},"end":{"line":23,"column":7}},"type":"cond-expr","locations":[{"start":{"line":12,"column":8},"end":{"line":12,"column":69}},{"start":{"line":14,"column":8},"end":{"line":22,"column":14}}],"line":11}},"s":{"0":4,"1":9,"2":4},"f":{"0":9},"b":{"0":[5,4]},"_coverageSchema":"1a1c01bbd47fc00a2c39e90264f33305004495a9","hash":"ffaebd74768d4146802fb6484c5ea714e99df5a6"}
,"/Users/nick/skan/ofx/src/router/routes.js": {"path":"/Users/nick/skan/ofx/src/router/routes.js","statementMap":{"0":{"start":{"line":4,"column":22},"end":{"line":19,"column":1}}},"fnMap":{},"branchMap":{},"s":{"0":2},"f":{},"b":{},"_coverageSchema":"1a1c01bbd47fc00a2c39e90264f33305004495a9","hash":"bc9fa73a77266bad4d087b687940181df3286d6f"}
,"/Users/nick/skan/ofx/src/title/index.js": {"path":"/Users/nick/skan/ofx/src/title/index.js","statementMap":{"0":{"start":{"line":5,"column":14},"end":{"line":9,"column":1}},"1":{"start":{"line":6,"column":2},"end":{"line":8,"column":11}},"2":{"start":{"line":10,"column":0},"end":{"line":12,"column":2}}},"fnMap":{"0":{"name":"(anonymous_0)","decl":{"start":{"line":5,"column":14},"end":{"line":5,"column":15}},"loc":{"start":{"line":6,"column":2},"end":{"line":8,"column":11}},"line":6}},"branchMap":{"0":{"loc":{"start":{"line":7,"column":12},"end":{"line":7,"column":50}},"type":"cond-expr","locations":[{"start":{"line":7,"column":23},"end":{"line":7,"column":42}},{"start":{"line":7,"column":45},"end":{"line":7,"column":50}}],"line":7}},"s":{"0":5,"1":11,"2":5},"f":{"0":11},"b":{"0":[10,1]},"_coverageSchema":"1a1c01bbd47fc00a2c39e90264f33305004495a9","hash":"0a009714782c2cf4f25c1894aa64dcf88f781695"}
,"/Users/nick/skan/ofx/src/utils/reducer.js": {"path":"/Users/nick/skan/ofx/src/utils/reducer.js","statementMap":{"0":{"start":{"line":1,"column":48},"end":{"line":12,"column":1}},"1":{"start":{"line":5,"column":18},"end":{"line":5,"column":45}},"2":{"start":{"line":7,"column":2},"end":{"line":9,"column":3}},"3":{"start":{"line":8,"column":4},"end":{"line":8,"column":34}},"4":{"start":{"line":11,"column":2},"end":{"line":11,"column":15}}},"fnMap":{"0":{"name":"(anonymous_0)","decl":{"start":{"line":1,"column":15},"end":{"line":1,"column":16}},"loc":{"start":{"line":1,"column":48},"end":{"line":12,"column":1}},"line":1},"1":{"name":"(anonymous_1)","decl":{"start":{"line":1,"column":48},"end":{"line":1,"column":49}},"loc":{"start":{"line":4,"column":4},"end":{"line":12,"column":1}},"line":4}},"branchMap":{"0":{"loc":{"start":{"line":2,"column":4},"end":{"line":2,"column":24}},"type":"default-arg","locations":[{"start":{"line":2,"column":12},"end":{"line":2,"column":24}}],"line":2},"1":{"loc":{"start":{"line":7,"column":2},"end":{"line":9,"column":3}},"type":"if","locations":[{"start":{"line":7,"column":2},"end":{"line":9,"column":3}},{"start":{"line":7,"column":2},"end":{"line":9,"column":3}}],"line":7}},"s":{"0":23,"1":65,"2":65,"3":1,"4":64},"f":{"0":23,"1":65},"b":{"0":[57],"1":[1,64]},"_coverageSchema":"1a1c01bbd47fc00a2c39e90264f33305004495a9","hash":"a129706f9caa2f41484d3149fb5688171bc2635e"}
,"/Users/nick/skan/ofx/src/views/Quote/index.js": {"path":"/Users/nick/skan/ofx/src/views/Quote/index.js","statementMap":{"0":{"start":{"line":3,"column":14},"end":{"line":3,"column":53}},"1":{"start":{"line":3,"column":19},"end":{"line":3,"column":53}}},"fnMap":{"0":{"name":"(anonymous_0)","decl":{"start":{"line":3,"column":14},"end":{"line":3,"column":15}},"loc":{"start":{"line":3,"column":19},"end":{"line":3,"column":53}},"line":3}},"branchMap":{},"s":{"0":2,"1":1},"f":{"0":1},"b":{},"_coverageSchema":"1a1c01bbd47fc00a2c39e90264f33305004495a9","hash":"4ec301ac826139ddc3b806d6b93e3f09a6db98d4"}
,"/Users/nick/skan/ofx/src/views/Result/index.js": {"path":"/Users/nick/skan/ofx/src/views/Result/index.js","statementMap":{"0":{"start":{"line":3,"column":15},"end":{"line":3,"column":55}},"1":{"start":{"line":3,"column":20},"end":{"line":3,"column":55}}},"fnMap":{"0":{"name":"(anonymous_0)","decl":{"start":{"line":3,"column":15},"end":{"line":3,"column":16}},"loc":{"start":{"line":3,"column":20},"end":{"line":3,"column":55}},"line":3}},"branchMap":{},"s":{"0":1,"1":1},"f":{"0":1},"b":{},"_coverageSchema":"1a1c01bbd47fc00a2c39e90264f33305004495a9","hash":"188b7cd1a9f951f1cf40aa5a23d845fc5ca89d54"}
}
