TN:
SF:src/globals.js
FNF:0
FNH:0
DA:3,4
DA:4,4
DA:5,4
DA:6,4
DA:7,4
DA:8,4
DA:9,4
DA:10,4
DA:11,4
DA:12,4
LF:10
LH:10
BRF:0
BRH:0
end_of_record
TN:
SF:src/index.js
FNF:0
FNH:0
DA:9,1
LF:1
LH:1
BRF:0
BRH:0
end_of_record
TN:
SF:src/reducers.js
FNF:0
FNH:0
LF:0
LH:0
BRF:0
BRH:0
end_of_record
TN:
SF:src/api/exchange.js
FN:5,(anonymous_0)
FN:8,(anonymous_1)
FNF:2
FNH:0
FNDA:0,(anonymous_0)
FNDA:0,(anonymous_1)
DA:3,5
DA:5,5
DA:6,0
DA:8,5
DA:9,0
DA:11,0
DA:12,0
DA:14,0
LF:8
LH:3
BRF:0
BRH:0
end_of_record
TN:
SF:src/api/index.js
FN:4,(anonymous_0)
FNF:1
FNH:0
FNDA:0,(anonymous_0)
DA:5,0
LF:1
LH:0
BRF:0
BRH:0
end_of_record
TN:
SF:src/app/index.js
FN:7,(anonymous_0)
FNF:1
FNH:1
FNDA:1,(anonymous_0)
DA:7,2
DA:8,1
LF:2
LH:2
BRF:0
BRH:0
end_of_record
TN:
SF:src/auth/reducer.js
FNF:0
FNH:0
DA:3,20
LF:1
LH:1
BRF:0
BRH:0
end_of_record
TN:
SF:src/components/Bounce/index.js
FN:4,(anonymous_0)
FNF:1
FNH:1
FNDA:1,(anonymous_0)
DA:4,3
DA:5,1
LF:2
LH:2
BRF:0
BRH:0
end_of_record
TN:
SF:src/components/CountUp/index.js
FN:6,(anonymous_0)
FN:16,(anonymous_1)
FNF:2
FNH:2
FNDA:1,(anonymous_0)
FNDA:1,(anonymous_1)
DA:6,3
DA:7,1
DA:17,1
DA:24,3
LF:4
LH:4
BRF:0
BRH:0
end_of_record
TN:
SF:src/components/Input/index.js
FN:7,(anonymous_0)
FN:10,(anonymous_1)
FN:17,(anonymous_2)
FN:31,(anonymous_3)
FN:32,(anonymous_4)
FN:33,(anonymous_5)
FNF:6
FNH:2
FNDA:11,(anonymous_0)
FNDA:2,(anonymous_1)
FNDA:0,(anonymous_2)
FNDA:0,(anonymous_3)
FNDA:0,(anonymous_4)
FNDA:0,(anonymous_5)
DA:6,4
DA:8,11
DA:10,11
DA:11,2
DA:12,0
DA:17,0
DA:21,11
DA:31,0
DA:32,0
DA:33,0
DA:48,4
LF:11
LH:6
BRDA:11,0,0,0
BRDA:11,0,1,2
BRDA:23,1,0,11
BRDA:23,1,1,11
BRDA:30,2,0,3
BRDA:30,2,1,8
BRDA:35,3,0,11
BRDA:35,3,1,2
BRDA:38,4,0,0
BRDA:38,4,1,11
BRF:10
BRH:8
end_of_record
TN:
SF:src/components/Navbar/index.js
FN:8,(anonymous_0)
FN:51,(anonymous_1)
FNF:2
FNH:1
FNDA:2,(anonymous_0)
FNDA:0,(anonymous_1)
DA:8,3
DA:9,2
DA:11,2
DA:51,0
LF:4
LH:3
BRDA:15,0,0,0
BRDA:15,0,1,2
BRDA:27,1,0,0
BRDA:27,1,1,2
BRDA:34,2,0,0
BRDA:34,2,1,2
BRDA:35,3,0,0
BRDA:35,3,1,2
BRDA:39,4,0,0
BRDA:39,4,1,2
BRDA:45,5,0,0
BRDA:45,5,1,2
BRDA:52,6,0,0
BRDA:52,6,1,2
BRDA:53,7,0,0
BRDA:53,7,1,2
BRDA:54,8,0,0
BRDA:54,8,1,2
BRF:18
BRH:9
end_of_record
TN:
SF:src/components/Phone/index.js
FN:7,(anonymous_0)
FN:17,(anonymous_1)
FN:26,(anonymous_2)
FN:27,(anonymous_3)
FNF:4
FNH:1
FNDA:3,(anonymous_0)
FNDA:0,(anonymous_1)
FNDA:0,(anonymous_2)
FNDA:0,(anonymous_3)
DA:7,4
DA:8,3
DA:10,3
DA:17,0
DA:26,0
DA:27,0
DA:32,4
LF:7
LH:4
BRDA:12,0,0,3
BRDA:12,0,1,3
BRDA:19,1,0,0
BRDA:19,1,1,3
BRF:4
BRH:3
end_of_record
TN:
SF:src/components/Select/helpers.js
FN:3,(anonymous_0)
FNF:1
FNH:1
FNDA:6,(anonymous_0)
DA:3,4
DA:4,6
DA:5,0
DA:8,6
DA:9,1
DA:12,5
DA:13,0
DA:16,5
LF:8
LH:6
BRDA:4,0,0,0
BRDA:4,0,1,6
BRDA:4,1,0,6
BRDA:4,1,1,1
BRDA:8,2,0,1
BRDA:8,2,1,5
BRDA:12,3,0,0
BRDA:12,3,1,5
BRF:8
BRH:6
end_of_record
TN:
SF:src/components/Select/index.js
FN:7,(anonymous_0)
FN:17,(anonymous_1)
FN:29,(anonymous_2)
FN:40,(anonymous_3)
FN:47,(anonymous_4)
FN:51,(anonymous_5)
FN:60,(anonymous_6)
FN:64,(anonymous_7)
FN:65,(anonymous_8)
FNF:9
FNH:1
FNDA:6,(anonymous_0)
FNDA:0,(anonymous_1)
FNDA:0,(anonymous_2)
FNDA:0,(anonymous_3)
FNDA:0,(anonymous_4)
FNDA:0,(anonymous_5)
FNDA:0,(anonymous_6)
FNDA:0,(anonymous_7)
FNDA:0,(anonymous_8)
DA:7,4
DA:8,6
DA:10,6
DA:17,0
DA:29,0
DA:40,0
DA:47,0
DA:51,0
DA:60,0
DA:64,0
DA:65,0
DA:76,4
LF:12
LH:4
BRDA:32,0,0,0
BRDA:32,0,1,0
BRDA:36,1,0,0
BRDA:36,1,1,0
BRDA:53,2,0,0
BRDA:53,2,1,0
BRDA:67,3,0,6
BRDA:67,3,1,1
BRDA:70,4,0,0
BRDA:70,4,1,6
BRF:10
BRH:3
end_of_record
TN:
SF:src/components/Spinner/index.js
FN:4,(anonymous_0)
FNF:1
FNH:1
FNDA:2,(anonymous_0)
DA:4,5
LF:1
LH:1
BRF:0
BRH:0
end_of_record
TN:
SF:src/exchange/actions.js
FN:5,(anonymous_0)
FN:10,(anonymous_1)
FN:15,(anonymous_2)
FN:20,(anonymous_3)
FN:25,(anonymous_4)
FN:30,(anonymous_5)
FN:35,(anonymous_6)
FN:41,(anonymous_7)
FN:45,(anonymous_8)
FNF:9
FNH:9
FNDA:5,(anonymous_0)
FNDA:5,(anonymous_1)
FNDA:5,(anonymous_2)
FNDA:4,(anonymous_3)
FNDA:4,(anonymous_4)
FNDA:10,(anonymous_5)
FNDA:1,(anonymous_6)
FNDA:2,(anonymous_7)
FNDA:2,(anonymous_8)
DA:5,6
DA:10,6
DA:15,6
DA:20,6
DA:25,6
DA:30,10
DA:35,6
DA:41,6
DA:45,2
DA:46,2
DA:47,2
DA:48,2
DA:50,2
DA:52,2
DA:53,2
DA:55,1
DA:56,1
DA:59,1
DA:62,2
LF:19
LH:19
BRF:0
BRH:0
end_of_record
TN:
SF:src/exchange/reducer.js
FN:13,(anonymous_0)
FN:18,(anonymous_1)
FN:23,(anonymous_2)
FN:28,(anonymous_3)
FN:33,(anonymous_4)
FN:38,(anonymous_5)
FN:42,(anonymous_6)
FNF:7
FNH:7
FNDA:3,(anonymous_0)
FNDA:3,(anonymous_1)
FNDA:3,(anonymous_2)
FNDA:2,(anonymous_3)
FNDA:2,(anonymous_4)
FNDA:1,(anonymous_5)
FNDA:6,(anonymous_6)
DA:3,20
DA:13,3
DA:18,3
DA:23,3
DA:28,2
DA:33,2
DA:38,1
DA:42,6
LF:8
LH:8
BRF:0
BRH:0
end_of_record
TN:
SF:src/history/index.js
FN:5,(anonymous_0)
FNF:1
FNH:1
FNDA:1,(anonymous_0)
DA:3,8
DA:5,8
LF:2
LH:2
BRF:0
BRH:0
end_of_record
TN:
SF:src/page/index.js
FN:7,(anonymous_0)
FNF:1
FNH:1
FNDA:1,(anonymous_0)
DA:7,2
DA:8,1
DA:14,2
LF:3
LH:3
BRF:0
BRH:0
end_of_record
TN:
SF:src/router/error.js
FN:3,(anonymous_0)
FNF:1
FNH:1
FNDA:2,(anonymous_0)
DA:3,4
DA:4,2
LF:2
LH:2
BRF:0
BRH:0
end_of_record
TN:
SF:src/router/index.js
FN:8,(anonymous_0)
FN:11,(anonymous_1)
FN:16,(anonymous_2)
FNF:3
FNH:3
FNDA:5,(anonymous_0)
FNDA:14,(anonymous_1)
FNDA:5,(anonymous_2)
DA:8,3
DA:9,5
DA:12,14
DA:17,5
DA:32,3
LF:5
LH:5
BRF:0
BRH:0
end_of_record
TN:
SF:src/router/protected.js
FN:7,(anonymous_0)
FN:26,(anonymous_1)
FNF:2
FNH:2
FNDA:5,(anonymous_0)
FNDA:5,(anonymous_1)
DA:7,4
DA:8,5
DA:20,4
DA:26,5
LF:4
LH:4
BRDA:9,0,0,2
BRDA:9,0,1,3
BRF:2
BRH:2
end_of_record
TN:
SF:src/router/render.js
FN:7,(anonymous_0)
FNF:1
FNH:1
FNDA:9,(anonymous_0)
DA:7,4
DA:8,9
DA:27,4
LF:3
LH:3
BRDA:11,0,0,5
BRDA:11,0,1,4
BRF:2
BRH:2
end_of_record
TN:
SF:src/router/routes.js
FNF:0
FNH:0
DA:4,2
LF:1
LH:1
BRF:0
BRH:0
end_of_record
TN:
SF:src/title/index.js
FN:5,(anonymous_0)
FNF:1
FNH:1
FNDA:11,(anonymous_0)
DA:5,5
DA:6,11
DA:10,5
LF:3
LH:3
BRDA:7,0,0,10
BRDA:7,0,1,1
BRF:2
BRH:2
end_of_record
TN:
SF:src/user/actions.js
FN:3,(anonymous_0)
FN:8,(anonymous_1)
FN:13,(anonymous_2)
FN:18,(anonymous_3)
FNF:4
FNH:0
FNDA:0,(anonymous_0)
FNDA:0,(anonymous_1)
FNDA:0,(anonymous_2)
FNDA:0,(anonymous_3)
DA:3,3
DA:8,3
DA:13,3
DA:18,3
LF:4
LH:4
BRF:0
BRH:0
end_of_record
TN:
SF:src/user/reducer.js
FN:11,(anonymous_0)
FN:16,(anonymous_1)
FN:21,(anonymous_2)
FN:26,(anonymous_3)
FNF:4
FNH:0
FNDA:0,(anonymous_0)
FNDA:0,(anonymous_1)
FNDA:0,(anonymous_2)
FNDA:0,(anonymous_3)
DA:3,20
DA:11,0
DA:16,0
DA:21,0
DA:26,0
LF:5
LH:1
BRF:0
BRH:0
end_of_record
TN:
SF:src/utils/reducer.js
FN:1,(anonymous_0)
FN:1,(anonymous_1)
FNF:2
FNH:2
FNDA:61,(anonymous_0)
FNDA:250,(anonymous_1)
DA:1,61
DA:5,250
DA:7,250
DA:8,21
DA:11,229
LF:5
LH:5
BRDA:2,0,0,182
BRDA:7,1,0,21
BRDA:7,1,1,229
BRF:3
BRH:3
end_of_record
TN:
SF:src/views/Home/index.js
FN:4,(anonymous_0)
FNF:1
FNH:1
FNDA:1,(anonymous_0)
DA:4,2
LF:1
LH:1
BRF:0
BRH:0
end_of_record
TN:
SF:src/views/Quote/index.js
FN:4,(anonymous_0)
FNF:1
FNH:1
FNDA:1,(anonymous_0)
DA:4,1
LF:1
LH:1
BRF:0
BRH:0
end_of_record
TN:
SF:src/widgets/Quote/index.js
FN:20,(anonymous_0)
FN:48,(anonymous_1)
FN:60,(anonymous_2)
FN:79,(anonymous_3)
FN:91,(anonymous_4)
FN:171,(anonymous_5)
FN:178,(anonymous_6)
FN:179,(anonymous_7)
FN:184,(anonymous_8)
FN:188,(anonymous_9)
FN:192,(anonymous_10)
FN:196,(anonymous_11)
FNF:12
FNH:3
FNDA:2,(anonymous_0)
FNDA:0,(anonymous_1)
FNDA:0,(anonymous_2)
FNDA:0,(anonymous_3)
FNDA:0,(anonymous_4)
FNDA:2,(anonymous_5)
FNDA:2,(anonymous_6)
FNDA:0,(anonymous_7)
FNDA:0,(anonymous_8)
FNDA:0,(anonymous_9)
FNDA:0,(anonymous_10)
FNDA:0,(anonymous_11)
DA:14,3
DA:20,3
DA:31,2
DA:33,2
DA:48,0
DA:60,0
DA:79,0
DA:92,0
DA:93,0
DA:159,3
DA:171,3
DA:178,3
DA:180,0
DA:181,0
DA:185,0
DA:189,0
DA:193,0
DA:197,0
LF:18
LH:7
BRDA:45,0,0,2
BRDA:45,0,1,2
BRDA:57,1,0,2
BRDA:57,1,1,2
BRDA:71,2,0,2
BRDA:71,2,1,2
BRDA:88,3,0,2
BRDA:88,3,1,2
BRF:8
BRH:8
end_of_record
TN:
SF:src/widgets/Result/index.js
FN:13,(anonymous_0)
FN:16,(anonymous_1)
FN:18,(anonymous_2)
FN:45,(anonymous_3)
FN:64,(anonymous_4)
FN:73,(anonymous_5)
FN:74,(anonymous_6)
FNF:7
FNH:3
FNDA:2,(anonymous_0)
FNDA:0,(anonymous_1)
FNDA:0,(anonymous_2)
FNDA:0,(anonymous_3)
FNDA:2,(anonymous_4)
FNDA:2,(anonymous_5)
FNDA:0,(anonymous_6)
DA:11,2
DA:13,2
DA:14,2
DA:16,2
DA:17,0
DA:18,0
DA:19,0
DA:24,2
DA:45,0
DA:54,2
DA:64,2
DA:73,2
DA:75,0
DA:76,0
LF:14
LH:8
BRDA:17,0,0,0
BRDA:17,0,1,0
BRDA:17,1,0,0
BRDA:17,1,1,0
BRDA:28,2,0,2
BRDA:28,2,1,0
BRDA:34,3,0,2
BRDA:34,3,1,2
BRDA:34,3,2,0
BRDA:37,4,0,2
BRDA:37,4,1,0
BRF:11
BRH:4
end_of_record
